[1.409s] DEBUG:colcon:Command line arguments: ['/usr/bin/colcon', 'build', '--packages-select', 'Exec2']
[1.409s] DEBUG:colcon:Parsed command line arguments: Namespace(log_base=None, log_level=None, verb_name='build', build_base='build', install_base='install', merge_install=False, symlink_install=False, test_result_base=None, continue_on_error=False, executor='parallel', parallel_workers=12, event_handlers=None, ignore_user_meta=False, metas=['./colcon.meta'], base_paths=['.'], packages_ignore=None, packages_ignore_regex=None, paths=None, packages_up_to=None, packages_up_to_regex=None, packages_above=None, packages_above_and_dependencies=None, packages_above_depth=None, packages_select_by_dep=None, packages_skip_by_dep=None, packages_skip_up_to=None, packages_select_build_failed=False, packages_skip_build_finished=False, packages_select_test_failures=False, packages_skip_test_passed=False, packages_select=['Exec2'], packages_skip=None, packages_select_regex=None, packages_skip_regex=None, packages_start=None, packages_end=None, allow_overriding=[], cmake_args=None, cmake_target=None, cmake_target_skip_unavailable=False, cmake_clean_cache=False, cmake_clean_first=False, cmake_force_configure=False, ament_cmake_args=None, catkin_cmake_args=None, catkin_skip_building_tests=False, verb_parser=<colcon_defaults.argument_parser.defaults.DefaultArgumentsDecorator object at 0x7fe315e6f8b0>, verb_extension=<colcon_core.verb.build.BuildVerb object at 0x7fe315e6e080>, main=<bound method BuildVerb.main of <colcon_core.verb.build.BuildVerb object at 0x7fe315e6e080>>)
[1.464s] Level 1:colcon.colcon_core.package_discovery:discover_packages(colcon_meta) check parameters
[1.464s] Level 1:colcon.colcon_core.package_discovery:discover_packages(recursive) check parameters
[1.464s] Level 1:colcon.colcon_core.package_discovery:discover_packages(ignore) check parameters
[1.464s] Level 1:colcon.colcon_core.package_discovery:discover_packages(path) check parameters
[1.464s] Level 1:colcon.colcon_core.package_discovery:discover_packages(colcon_meta) discover
[1.464s] Level 1:colcon.colcon_core.package_discovery:discover_packages(recursive) discover
[1.464s] INFO:colcon.colcon_core.package_discovery:Crawling recursively for packages in '/root/ros2_workspace'
[1.464s] Level 1:colcon.colcon_core.package_identification:_identify(.) by extensions ['ignore', 'ignore_ament_install']
[1.464s] Level 1:colcon.colcon_core.package_identification:_identify(.) by extension 'ignore'
[1.464s] Level 1:colcon.colcon_core.package_identification:_identify(.) by extension 'ignore_ament_install'
[1.464s] Level 1:colcon.colcon_core.package_identification:_identify(.) by extensions ['colcon_pkg']
[1.464s] Level 1:colcon.colcon_core.package_identification:_identify(.) by extension 'colcon_pkg'
[1.464s] Level 1:colcon.colcon_core.package_identification:_identify(.) by extensions ['colcon_meta']
[1.464s] Level 1:colcon.colcon_core.package_identification:_identify(.) by extension 'colcon_meta'
[1.465s] Level 1:colcon.colcon_core.package_identification:_identify(.) by extensions ['ros']
[1.465s] Level 1:colcon.colcon_core.package_identification:_identify(.) by extension 'ros'
[1.477s] Level 1:colcon.colcon_core.package_identification:_identify(.) by extensions ['cmake', 'python']
[1.477s] Level 1:colcon.colcon_core.package_identification:_identify(.) by extension 'cmake'
[1.477s] Level 1:colcon.colcon_core.package_identification:_identify(.) by extension 'python'
[1.477s] Level 1:colcon.colcon_core.package_identification:_identify(.) by extensions ['python_setup_py']
[1.477s] Level 1:colcon.colcon_core.package_identification:_identify(.) by extension 'python_setup_py'
[1.477s] Level 1:colcon.colcon_core.package_identification:_identify(build) by extensions ['ignore', 'ignore_ament_install']
[1.477s] Level 1:colcon.colcon_core.package_identification:_identify(build) by extension 'ignore'
[1.477s] Level 1:colcon.colcon_core.package_identification:_identify(build) ignored
[1.478s] Level 1:colcon.colcon_core.package_identification:_identify(install) by extensions ['ignore', 'ignore_ament_install']
[1.478s] Level 1:colcon.colcon_core.package_identification:_identify(install) by extension 'ignore'
[1.478s] Level 1:colcon.colcon_core.package_identification:_identify(install) ignored
[1.478s] Level 1:colcon.colcon_core.package_identification:_identify(log) by extensions ['ignore', 'ignore_ament_install']
[1.478s] Level 1:colcon.colcon_core.package_identification:_identify(log) by extension 'ignore'
[1.478s] Level 1:colcon.colcon_core.package_identification:_identify(log) ignored
[1.478s] Level 1:colcon.colcon_core.package_identification:_identify(src) by extensions ['ignore', 'ignore_ament_install']
[1.478s] Level 1:colcon.colcon_core.package_identification:_identify(src) by extension 'ignore'
[1.478s] Level 1:colcon.colcon_core.package_identification:_identify(src) by extension 'ignore_ament_install'
[1.478s] Level 1:colcon.colcon_core.package_identification:_identify(src) by extensions ['colcon_pkg']
[1.478s] Level 1:colcon.colcon_core.package_identification:_identify(src) by extension 'colcon_pkg'
[1.478s] Level 1:colcon.colcon_core.package_identification:_identify(src) by extensions ['colcon_meta']
[1.478s] Level 1:colcon.colcon_core.package_identification:_identify(src) by extension 'colcon_meta'
[1.479s] Level 1:colcon.colcon_core.package_identification:_identify(src) by extensions ['ros']
[1.479s] Level 1:colcon.colcon_core.package_identification:_identify(src) by extension 'ros'
[1.479s] Level 1:colcon.colcon_core.package_identification:_identify(src) by extensions ['cmake', 'python']
[1.479s] Level 1:colcon.colcon_core.package_identification:_identify(src) by extension 'cmake'
[1.479s] Level 1:colcon.colcon_core.package_identification:_identify(src) by extension 'python'
[1.479s] Level 1:colcon.colcon_core.package_identification:_identify(src) by extensions ['python_setup_py']
[1.479s] Level 1:colcon.colcon_core.package_identification:_identify(src) by extension 'python_setup_py'
[1.479s] Level 1:colcon.colcon_core.package_identification:_identify(src/my_execs) by extensions ['ignore', 'ignore_ament_install']
[1.479s] Level 1:colcon.colcon_core.package_identification:_identify(src/my_execs) by extension 'ignore'
[1.479s] Level 1:colcon.colcon_core.package_identification:_identify(src/my_execs) by extension 'ignore_ament_install'
[1.479s] Level 1:colcon.colcon_core.package_identification:_identify(src/my_execs) by extensions ['colcon_pkg']
[1.479s] Level 1:colcon.colcon_core.package_identification:_identify(src/my_execs) by extension 'colcon_pkg'
[1.479s] Level 1:colcon.colcon_core.package_identification:_identify(src/my_execs) by extensions ['colcon_meta']
[1.479s] Level 1:colcon.colcon_core.package_identification:_identify(src/my_execs) by extension 'colcon_meta'
[1.479s] Level 1:colcon.colcon_core.package_identification:_identify(src/my_execs) by extensions ['ros']
[1.479s] Level 1:colcon.colcon_core.package_identification:_identify(src/my_execs) by extension 'ros'
[1.480s] Level 1:colcon.colcon_core.package_identification:_identify(src/my_execs) by extensions ['cmake', 'python']
[1.480s] Level 1:colcon.colcon_core.package_identification:_identify(src/my_execs) by extension 'cmake'
[1.480s] Level 1:colcon.colcon_core.package_identification:_identify(src/my_execs) by extension 'python'
[1.480s] Level 1:colcon.colcon_core.package_identification:_identify(src/my_execs) by extensions ['python_setup_py']
[1.480s] Level 1:colcon.colcon_core.package_identification:_identify(src/my_execs) by extension 'python_setup_py'
[1.480s] Level 1:colcon.colcon_core.package_identification:_identify(src/my_execs/Exec1) by extensions ['ignore', 'ignore_ament_install']
[1.480s] Level 1:colcon.colcon_core.package_identification:_identify(src/my_execs/Exec1) by extension 'ignore'
[1.480s] Level 1:colcon.colcon_core.package_identification:_identify(src/my_execs/Exec1) by extension 'ignore_ament_install'
[1.480s] Level 1:colcon.colcon_core.package_identification:_identify(src/my_execs/Exec1) by extensions ['colcon_pkg']
[1.480s] Level 1:colcon.colcon_core.package_identification:_identify(src/my_execs/Exec1) by extension 'colcon_pkg'
[1.480s] Level 1:colcon.colcon_core.package_identification:_identify(src/my_execs/Exec1) by extensions ['colcon_meta']
[1.480s] Level 1:colcon.colcon_core.package_identification:_identify(src/my_execs/Exec1) by extension 'colcon_meta'
[1.480s] Level 1:colcon.colcon_core.package_identification:_identify(src/my_execs/Exec1) by extensions ['ros']
[1.480s] Level 1:colcon.colcon_core.package_identification:_identify(src/my_execs/Exec1) by extension 'ros'
[1.483s] DEBUG:colcon.colcon_core.package_identification:Package 'src/my_execs/Exec1' with type 'ros.ament_python' and name 'py_pubsub'
[1.483s] Level 1:colcon.colcon_core.package_identification:_identify(src/my_execs/Exec2) by extensions ['ignore', 'ignore_ament_install']
[1.483s] Level 1:colcon.colcon_core.package_identification:_identify(src/my_execs/Exec2) by extension 'ignore'
[1.484s] Level 1:colcon.colcon_core.package_identification:_identify(src/my_execs/Exec2) by extension 'ignore_ament_install'
[1.484s] Level 1:colcon.colcon_core.package_identification:_identify(src/my_execs/Exec2) by extensions ['colcon_pkg']
[1.484s] Level 1:colcon.colcon_core.package_identification:_identify(src/my_execs/Exec2) by extension 'colcon_pkg'
[1.484s] Level 1:colcon.colcon_core.package_identification:_identify(src/my_execs/Exec2) by extensions ['colcon_meta']
[1.484s] Level 1:colcon.colcon_core.package_identification:_identify(src/my_execs/Exec2) by extension 'colcon_meta'
[1.484s] Level 1:colcon.colcon_core.package_identification:_identify(src/my_execs/Exec2) by extensions ['ros']
[1.484s] Level 1:colcon.colcon_core.package_identification:_identify(src/my_execs/Exec2) by extension 'ros'
[1.485s] DEBUG:colcon.colcon_core.package_identification:Package 'src/my_execs/Exec2' with type 'ros.ament_cmake' and name 'Exec2'
[1.485s] Level 1:colcon.colcon_core.package_identification:_identify(src/my_msgs) by extensions ['ignore', 'ignore_ament_install']
[1.485s] Level 1:colcon.colcon_core.package_identification:_identify(src/my_msgs) by extension 'ignore'
[1.485s] Level 1:colcon.colcon_core.package_identification:_identify(src/my_msgs) by extension 'ignore_ament_install'
[1.485s] Level 1:colcon.colcon_core.package_identification:_identify(src/my_msgs) by extensions ['colcon_pkg']
[1.485s] Level 1:colcon.colcon_core.package_identification:_identify(src/my_msgs) by extension 'colcon_pkg'
[1.485s] Level 1:colcon.colcon_core.package_identification:_identify(src/my_msgs) by extensions ['colcon_meta']
[1.485s] Level 1:colcon.colcon_core.package_identification:_identify(src/my_msgs) by extension 'colcon_meta'
[1.485s] Level 1:colcon.colcon_core.package_identification:_identify(src/my_msgs) by extensions ['ros']
[1.485s] Level 1:colcon.colcon_core.package_identification:_identify(src/my_msgs) by extension 'ros'
[1.485s] Level 1:colcon.colcon_core.package_identification:_identify(src/my_msgs) by extensions ['cmake', 'python']
[1.485s] Level 1:colcon.colcon_core.package_identification:_identify(src/my_msgs) by extension 'cmake'
[1.485s] Level 1:colcon.colcon_core.package_identification:_identify(src/my_msgs) by extension 'python'
[1.486s] Level 1:colcon.colcon_core.package_identification:_identify(src/my_msgs) by extensions ['python_setup_py']
[1.486s] Level 1:colcon.colcon_core.package_identification:_identify(src/my_msgs) by extension 'python_setup_py'
[1.486s] Level 1:colcon.colcon_core.package_identification:_identify(src/my_msgs/include) by extensions ['ignore', 'ignore_ament_install']
[1.486s] Level 1:colcon.colcon_core.package_identification:_identify(src/my_msgs/include) by extension 'ignore'
[1.486s] Level 1:colcon.colcon_core.package_identification:_identify(src/my_msgs/include) by extension 'ignore_ament_install'
[1.486s] Level 1:colcon.colcon_core.package_identification:_identify(src/my_msgs/include) by extensions ['colcon_pkg']
[1.486s] Level 1:colcon.colcon_core.package_identification:_identify(src/my_msgs/include) by extension 'colcon_pkg'
[1.486s] Level 1:colcon.colcon_core.package_identification:_identify(src/my_msgs/include) by extensions ['colcon_meta']
[1.486s] Level 1:colcon.colcon_core.package_identification:_identify(src/my_msgs/include) by extension 'colcon_meta'
[1.486s] Level 1:colcon.colcon_core.package_identification:_identify(src/my_msgs/include) by extensions ['ros']
[1.486s] Level 1:colcon.colcon_core.package_identification:_identify(src/my_msgs/include) by extension 'ros'
[1.486s] Level 1:colcon.colcon_core.package_identification:_identify(src/my_msgs/include) by extensions ['cmake', 'python']
[1.486s] Level 1:colcon.colcon_core.package_identification:_identify(src/my_msgs/include) by extension 'cmake'
[1.486s] Level 1:colcon.colcon_core.package_identification:_identify(src/my_msgs/include) by extension 'python'
[1.487s] Level 1:colcon.colcon_core.package_identification:_identify(src/my_msgs/include) by extensions ['python_setup_py']
[1.487s] Level 1:colcon.colcon_core.package_identification:_identify(src/my_msgs/include) by extension 'python_setup_py'
[1.487s] Level 1:colcon.colcon_core.package_identification:_identify(src/my_msgs/include/my_msgs) by extensions ['ignore', 'ignore_ament_install']
[1.487s] Level 1:colcon.colcon_core.package_identification:_identify(src/my_msgs/include/my_msgs) by extension 'ignore'
[1.487s] Level 1:colcon.colcon_core.package_identification:_identify(src/my_msgs/include/my_msgs) by extension 'ignore_ament_install'
[1.487s] Level 1:colcon.colcon_core.package_identification:_identify(src/my_msgs/include/my_msgs) by extensions ['colcon_pkg']
[1.487s] Level 1:colcon.colcon_core.package_identification:_identify(src/my_msgs/include/my_msgs) by extension 'colcon_pkg'
[1.487s] Level 1:colcon.colcon_core.package_identification:_identify(src/my_msgs/include/my_msgs) by extensions ['colcon_meta']
[1.487s] Level 1:colcon.colcon_core.package_identification:_identify(src/my_msgs/include/my_msgs) by extension 'colcon_meta'
[1.487s] Level 1:colcon.colcon_core.package_identification:_identify(src/my_msgs/include/my_msgs) by extensions ['ros']
[1.487s] Level 1:colcon.colcon_core.package_identification:_identify(src/my_msgs/include/my_msgs) by extension 'ros'
[1.487s] Level 1:colcon.colcon_core.package_identification:_identify(src/my_msgs/include/my_msgs) by extensions ['cmake', 'python']
[1.487s] Level 1:colcon.colcon_core.package_identification:_identify(src/my_msgs/include/my_msgs) by extension 'cmake'
[1.488s] Level 1:colcon.colcon_core.package_identification:_identify(src/my_msgs/include/my_msgs) by extension 'python'
[1.488s] Level 1:colcon.colcon_core.package_identification:_identify(src/my_msgs/include/my_msgs) by extensions ['python_setup_py']
[1.488s] Level 1:colcon.colcon_core.package_identification:_identify(src/my_msgs/include/my_msgs) by extension 'python_setup_py'
[1.488s] Level 1:colcon.colcon_core.package_identification:_identify(src/my_msgs/msg) by extensions ['ignore', 'ignore_ament_install']
[1.488s] Level 1:colcon.colcon_core.package_identification:_identify(src/my_msgs/msg) by extension 'ignore'
[1.488s] Level 1:colcon.colcon_core.package_identification:_identify(src/my_msgs/msg) by extension 'ignore_ament_install'
[1.488s] Level 1:colcon.colcon_core.package_identification:_identify(src/my_msgs/msg) by extensions ['colcon_pkg']
[1.488s] Level 1:colcon.colcon_core.package_identification:_identify(src/my_msgs/msg) by extension 'colcon_pkg'
[1.488s] Level 1:colcon.colcon_core.package_identification:_identify(src/my_msgs/msg) by extensions ['colcon_meta']
[1.488s] Level 1:colcon.colcon_core.package_identification:_identify(src/my_msgs/msg) by extension 'colcon_meta'
[1.488s] Level 1:colcon.colcon_core.package_identification:_identify(src/my_msgs/msg) by extensions ['ros']
[1.488s] Level 1:colcon.colcon_core.package_identification:_identify(src/my_msgs/msg) by extension 'ros'
[1.488s] Level 1:colcon.colcon_core.package_identification:_identify(src/my_msgs/msg) by extensions ['cmake', 'python']
[1.488s] Level 1:colcon.colcon_core.package_identification:_identify(src/my_msgs/msg) by extension 'cmake'
[1.489s] Level 1:colcon.colcon_core.package_identification:_identify(src/my_msgs/msg) by extension 'python'
[1.489s] Level 1:colcon.colcon_core.package_identification:_identify(src/my_msgs/msg) by extensions ['python_setup_py']
[1.489s] Level 1:colcon.colcon_core.package_identification:_identify(src/my_msgs/msg) by extension 'python_setup_py'
[1.489s] Level 1:colcon.colcon_core.package_discovery:discover_packages(recursive) using defaults
[1.489s] Level 1:colcon.colcon_core.package_discovery:discover_packages(ignore) discover
[1.489s] Level 1:colcon.colcon_core.package_discovery:discover_packages(ignore) using defaults
[1.489s] Level 1:colcon.colcon_core.package_discovery:discover_packages(path) discover
[1.489s] Level 1:colcon.colcon_core.package_discovery:discover_packages(path) using defaults
[1.566s] INFO:colcon.colcon_core.package_selection:Skipping not selected package 'py_pubsub' in 'src/my_execs/Exec1'
[1.598s] Level 1:colcon.colcon_core.package_discovery:discover_packages(prefix_path) check parameters
[1.598s] Level 1:colcon.colcon_core.package_discovery:discover_packages(prefix_path) discover
[1.634s] DEBUG:colcon.colcon_installed_package_information.package_discovery:Found 2 installed packages in /root/ros2_workspace/install
[1.651s] DEBUG:colcon.colcon_installed_package_information.package_discovery:Found 29 installed packages in /root/ros2_ws/install
[1.669s] DEBUG:colcon.colcon_installed_package_information.package_discovery:Found 288 installed packages in /opt/ros/humble
[1.671s] Level 1:colcon.colcon_core.package_discovery:discover_packages(prefix_path) using defaults
[1.790s] Level 5:colcon.colcon_core.verb:set package 'Exec2' build argument 'cmake_args' from command line to 'None'
[1.790s] Level 5:colcon.colcon_core.verb:set package 'Exec2' build argument 'cmake_target' from command line to 'None'
[1.790s] Level 5:colcon.colcon_core.verb:set package 'Exec2' build argument 'cmake_target_skip_unavailable' from command line to 'False'
[1.790s] Level 5:colcon.colcon_core.verb:set package 'Exec2' build argument 'cmake_clean_cache' from command line to 'False'
[1.791s] Level 5:colcon.colcon_core.verb:set package 'Exec2' build argument 'cmake_clean_first' from command line to 'False'
[1.791s] Level 5:colcon.colcon_core.verb:set package 'Exec2' build argument 'cmake_force_configure' from command line to 'False'
[1.791s] Level 5:colcon.colcon_core.verb:set package 'Exec2' build argument 'ament_cmake_args' from command line to 'None'
[1.791s] Level 5:colcon.colcon_core.verb:set package 'Exec2' build argument 'catkin_cmake_args' from command line to 'None'
[1.791s] Level 5:colcon.colcon_core.verb:set package 'Exec2' build argument 'catkin_skip_building_tests' from command line to 'False'
[1.791s] DEBUG:colcon.colcon_core.verb:Building package 'Exec2' with the following arguments: {'ament_cmake_args': None, 'build_base': '/root/ros2_workspace/build/Exec2', 'catkin_cmake_args': None, 'catkin_skip_building_tests': False, 'cmake_args': None, 'cmake_clean_cache': False, 'cmake_clean_first': False, 'cmake_force_configure': False, 'cmake_target': None, 'cmake_target_skip_unavailable': False, 'install_base': '/root/ros2_workspace/install/Exec2', 'merge_install': False, 'path': '/root/ros2_workspace/src/my_execs/Exec2', 'symlink_install': False, 'test_result_base': None}
[1.809s] INFO:colcon.colcon_core.executor:Executing jobs using 'parallel' executor
[1.827s] DEBUG:colcon.colcon_parallel_executor.executor.parallel:run_until_complete
[1.827s] INFO:colcon.colcon_ros.task.ament_cmake.build:Building ROS package in '/root/ros2_workspace/src/my_execs/Exec2' with build type 'ament_cmake'
[1.827s] INFO:colcon.colcon_cmake.task.cmake.build:Building CMake package in '/root/ros2_workspace/src/my_execs/Exec2'
[1.849s] INFO:colcon.colcon_core.plugin_system:Skipping extension 'colcon_core.shell.bat': Not used on non-Windows systems
[1.849s] INFO:colcon.colcon_core.shell:Skip shell extension 'powershell' for command environment: Not usable outside of PowerShell
[1.849s] DEBUG:colcon.colcon_core.shell:Skip shell extension 'dsv' for command environment
[1.932s] DEBUG:colcon.colcon_core.event_handler.log_command:Invoking command in '/root/ros2_workspace/build/Exec2': CMAKE_PREFIX_PATH=${CMAKE_PREFIX_PATH}:/root/ros2_workspace/install/py_pubsub:/root/ros2_ws/install/py_srvcli:/root/ros2_ws/install/py_pubsub:/root/ros2_ws/install/python_parameters:/root/ros2_ws/install/my_package:/root/ros2_ws/install/launch_testing_examples:/root/ros2_ws/install/examples_rclpy_pointcloud_publisher:/root/ros2_ws/install/examples_rclpy_minimal_subscriber:/root/ros2_ws/install/examples_rclpy_minimal_service:/root/ros2_ws/install/examples_rclpy_minimal_publisher:/root/ros2_ws/install/examples_rclpy_minimal_client:/root/ros2_ws/install/examples_rclpy_minimal_action_server:/root/ros2_ws/install/examples_rclpy_minimal_action_client:/root/ros2_ws/install/examples_rclpy_guard_conditions:/root/ros2_ws/install/examples_rclpy_executors:/opt/ros/humble /usr/bin/cmake /root/ros2_workspace/src/my_execs/Exec2 -DCMAKE_INSTALL_PREFIX=/root/ros2_workspace/install/Exec2
[5.659s] DEBUG:colcon.colcon_core.event_handler.log_command:Invoked command in '/root/ros2_workspace/build/Exec2' returned '1': CMAKE_PREFIX_PATH=${CMAKE_PREFIX_PATH}:/root/ros2_workspace/install/py_pubsub:/root/ros2_ws/install/py_srvcli:/root/ros2_ws/install/py_pubsub:/root/ros2_ws/install/python_parameters:/root/ros2_ws/install/my_package:/root/ros2_ws/install/launch_testing_examples:/root/ros2_ws/install/examples_rclpy_pointcloud_publisher:/root/ros2_ws/install/examples_rclpy_minimal_subscriber:/root/ros2_ws/install/examples_rclpy_minimal_service:/root/ros2_ws/install/examples_rclpy_minimal_publisher:/root/ros2_ws/install/examples_rclpy_minimal_client:/root/ros2_ws/install/examples_rclpy_minimal_action_server:/root/ros2_ws/install/examples_rclpy_minimal_action_client:/root/ros2_ws/install/examples_rclpy_guard_conditions:/root/ros2_ws/install/examples_rclpy_executors:/opt/ros/humble /usr/bin/cmake /root/ros2_workspace/src/my_execs/Exec2 -DCMAKE_INSTALL_PREFIX=/root/ros2_workspace/install/Exec2
[5.674s] Level 1:colcon.colcon_core.environment:create_environment_scripts_only(Exec2)
[5.723s] Level 1:colcon.colcon_core.environment:checking '/root/ros2_workspace/install/Exec2' for CMake module files
[5.724s] Level 1:colcon.colcon_core.environment:checking '/root/ros2_workspace/install/Exec2' for CMake config files
[5.725s] Level 1:colcon.colcon_core.environment:checking '/root/ros2_workspace/install/Exec2/bin'
[5.725s] Level 1:colcon.colcon_core.environment:checking '/root/ros2_workspace/install/Exec2/lib/pkgconfig/Exec2.pc'
[5.726s] Level 1:colcon.colcon_core.environment:checking '/root/ros2_workspace/install/Exec2/lib/python3.10/site-packages'
[5.727s] Level 1:colcon.colcon_core.environment:checking '/root/ros2_workspace/install/Exec2/bin'
[5.786s] INFO:colcon.colcon_core.shell:Creating package script '/root/ros2_workspace/install/Exec2/share/Exec2/package.ps1'
[5.788s] INFO:colcon.colcon_core.shell:Creating package descriptor '/root/ros2_workspace/install/Exec2/share/Exec2/package.dsv'
[5.789s] INFO:colcon.colcon_core.shell:Creating package script '/root/ros2_workspace/install/Exec2/share/Exec2/package.sh'
[5.790s] INFO:colcon.colcon_core.shell:Creating package script '/root/ros2_workspace/install/Exec2/share/Exec2/package.bash'
[5.791s] INFO:colcon.colcon_core.shell:Creating package script '/root/ros2_workspace/install/Exec2/share/Exec2/package.zsh'
[5.792s] Level 1:colcon.colcon_core.environment:create_file_with_runtime_dependencies(/root/ros2_workspace/install/Exec2/share/colcon-core/packages/Exec2)
[5.803s] DEBUG:colcon.colcon_parallel_executor.executor.parallel:closing loop
[5.804s] DEBUG:colcon.colcon_parallel_executor.executor.parallel:loop closed
[5.804s] DEBUG:colcon.colcon_parallel_executor.executor.parallel:run_until_complete finished with '1'
[5.804s] DEBUG:colcon.colcon_core.event_reactor:joining thread
[5.881s] INFO:colcon.colcon_core.plugin_system:Skipping extension 'colcon_notification.desktop_notification.notify_send': Could not find 'notify-send'
[5.881s] INFO:colcon.colcon_core.plugin_system:Skipping extension 'colcon_notification.desktop_notification.terminal_notifier': Not used on non-Darwin systems
[5.881s] INFO:colcon.colcon_core.plugin_system:Skipping extension 'colcon_notification.desktop_notification.win32': Not used on non-Windows systems
[5.881s] INFO:colcon.colcon_notification.desktop_notification:Sending desktop notification using 'notify2'
[5.882s] DEBUG:colcon.colcon_notification.desktop_notification.notify2:Failed to initialize notify2: org.freedesktop.DBus.Error.ServiceUnknown: The name org.freedesktop.Notifications was not provided by any .service files
[5.883s] DEBUG:colcon.colcon_core.event_reactor:joined thread
[5.902s] INFO:colcon.colcon_core.shell:Creating prefix script '/root/ros2_workspace/install/local_setup.ps1'
[5.903s] INFO:colcon.colcon_core.shell:Creating prefix util module '/root/ros2_workspace/install/_local_setup_util_ps1.py'
[5.905s] INFO:colcon.colcon_core.shell:Creating prefix chain script '/root/ros2_workspace/install/setup.ps1'
[5.927s] INFO:colcon.colcon_core.shell:Creating prefix script '/root/ros2_workspace/install/local_setup.sh'
[5.927s] INFO:colcon.colcon_core.shell:Creating prefix util module '/root/ros2_workspace/install/_local_setup_util_sh.py'
[5.928s] INFO:colcon.colcon_core.shell:Creating prefix chain script '/root/ros2_workspace/install/setup.sh'
[5.953s] INFO:colcon.colcon_core.shell:Creating prefix script '/root/ros2_workspace/install/local_setup.bash'
[5.954s] INFO:colcon.colcon_core.shell:Creating prefix chain script '/root/ros2_workspace/install/setup.bash'
[5.980s] INFO:colcon.colcon_core.shell:Creating prefix script '/root/ros2_workspace/install/local_setup.zsh'
[5.980s] INFO:colcon.colcon_core.shell:Creating prefix chain script '/root/ros2_workspace/install/setup.zsh'
