[0.272s] Invoking command in '/root/ros2_workspace/build/my_msgs': CMAKE_PREFIX_PATH=${CMAKE_PREFIX_PATH}:/root/ros2_ws/install/py_srvcli:/root/ros2_ws/install/py_pubsub:/root/ros2_ws/install/python_parameters:/root/ros2_ws/install/my_package:/root/ros2_ws/install/launch_testing_examples:/root/ros2_ws/install/examples_rclpy_pointcloud_publisher:/root/ros2_ws/install/examples_rclpy_minimal_subscriber:/root/ros2_ws/install/examples_rclpy_minimal_service:/root/ros2_ws/install/examples_rclpy_minimal_publisher:/root/ros2_ws/install/examples_rclpy_minimal_client:/root/ros2_ws/install/examples_rclpy_minimal_action_server:/root/ros2_ws/install/examples_rclpy_minimal_action_client:/root/ros2_ws/install/examples_rclpy_guard_conditions:/root/ros2_ws/install/examples_rclpy_executors:/opt/ros/humble /usr/bin/cmake /root/ros2_workspace/src/my_msgs -DCMAKE_INSTALL_PREFIX=/root/ros2_workspace/install/my_msgs
[0.735s] -- The C compiler identification is GNU 11.4.0
[1.884s] -- The CXX compiler identification is GNU 11.4.0
[2.376s] -- Detecting C compiler ABI info
[2.896s] -- Detecting C compiler ABI info - done
[2.928s] -- Check for working C compiler: /usr/bin/cc - skipped
[2.936s] -- Detecting C compile features
[2.940s] -- Detecting C compile features - done
[2.957s] -- Detecting CXX compiler ABI info
[3.322s] -- Detecting CXX compiler ABI info - done
[3.338s] -- Check for working CXX compiler: /usr/bin/c++ - skipped
[3.339s] -- Detecting CXX compile features
[3.340s] -- Detecting CXX compile features - done
[3.367s] -- Found ament_cmake: 1.3.5 (/opt/ros/humble/share/ament_cmake/cmake)
[3.912s] -- Found Python3: /usr/bin/python3.10 (found version "3.10.12") found components: Interpreter 
[4.310s] -- Found ament_lint_auto: 0.12.8 (/opt/ros/humble/share/ament_lint_auto/cmake)
[4.520s] -- Added test 'lint_cmake' to check CMake code style
[4.524s] -- Added test 'xmllint' to check XML markup files
[4.529s] -- Configuring done
[4.533s] -- Generating done
[4.535s] -- Build files have been written to: /root/ros2_workspace/build/my_msgs
[4.541s] Invoked command in '/root/ros2_workspace/build/my_msgs' returned '0': CMAKE_PREFIX_PATH=${CMAKE_PREFIX_PATH}:/root/ros2_ws/install/py_srvcli:/root/ros2_ws/install/py_pubsub:/root/ros2_ws/install/python_parameters:/root/ros2_ws/install/my_package:/root/ros2_ws/install/launch_testing_examples:/root/ros2_ws/install/examples_rclpy_pointcloud_publisher:/root/ros2_ws/install/examples_rclpy_minimal_subscriber:/root/ros2_ws/install/examples_rclpy_minimal_service:/root/ros2_ws/install/examples_rclpy_minimal_publisher:/root/ros2_ws/install/examples_rclpy_minimal_client:/root/ros2_ws/install/examples_rclpy_minimal_action_server:/root/ros2_ws/install/examples_rclpy_minimal_action_client:/root/ros2_ws/install/examples_rclpy_guard_conditions:/root/ros2_ws/install/examples_rclpy_executors:/opt/ros/humble /usr/bin/cmake /root/ros2_workspace/src/my_msgs -DCMAKE_INSTALL_PREFIX=/root/ros2_workspace/install/my_msgs
[4.545s] Invoking command in '/root/ros2_workspace/build/my_msgs': CMAKE_PREFIX_PATH=${CMAKE_PREFIX_PATH}:/root/ros2_ws/install/py_srvcli:/root/ros2_ws/install/py_pubsub:/root/ros2_ws/install/python_parameters:/root/ros2_ws/install/my_package:/root/ros2_ws/install/launch_testing_examples:/root/ros2_ws/install/examples_rclpy_pointcloud_publisher:/root/ros2_ws/install/examples_rclpy_minimal_subscriber:/root/ros2_ws/install/examples_rclpy_minimal_service:/root/ros2_ws/install/examples_rclpy_minimal_publisher:/root/ros2_ws/install/examples_rclpy_minimal_client:/root/ros2_ws/install/examples_rclpy_minimal_action_server:/root/ros2_ws/install/examples_rclpy_minimal_action_client:/root/ros2_ws/install/examples_rclpy_guard_conditions:/root/ros2_ws/install/examples_rclpy_executors:/opt/ros/humble /usr/bin/cmake --build /root/ros2_workspace/build/my_msgs -- -j12 -l12
[4.619s] Invoked command in '/root/ros2_workspace/build/my_msgs' returned '0': CMAKE_PREFIX_PATH=${CMAKE_PREFIX_PATH}:/root/ros2_ws/install/py_srvcli:/root/ros2_ws/install/py_pubsub:/root/ros2_ws/install/python_parameters:/root/ros2_ws/install/my_package:/root/ros2_ws/install/launch_testing_examples:/root/ros2_ws/install/examples_rclpy_pointcloud_publisher:/root/ros2_ws/install/examples_rclpy_minimal_subscriber:/root/ros2_ws/install/examples_rclpy_minimal_service:/root/ros2_ws/install/examples_rclpy_minimal_publisher:/root/ros2_ws/install/examples_rclpy_minimal_client:/root/ros2_ws/install/examples_rclpy_minimal_action_server:/root/ros2_ws/install/examples_rclpy_minimal_action_client:/root/ros2_ws/install/examples_rclpy_guard_conditions:/root/ros2_ws/install/examples_rclpy_executors:/opt/ros/humble /usr/bin/cmake --build /root/ros2_workspace/build/my_msgs -- -j12 -l12
[4.718s] Invoking command in '/root/ros2_workspace/build/my_msgs': CMAKE_PREFIX_PATH=${CMAKE_PREFIX_PATH}:/root/ros2_ws/install/py_srvcli:/root/ros2_ws/install/py_pubsub:/root/ros2_ws/install/python_parameters:/root/ros2_ws/install/my_package:/root/ros2_ws/install/launch_testing_examples:/root/ros2_ws/install/examples_rclpy_pointcloud_publisher:/root/ros2_ws/install/examples_rclpy_minimal_subscriber:/root/ros2_ws/install/examples_rclpy_minimal_service:/root/ros2_ws/install/examples_rclpy_minimal_publisher:/root/ros2_ws/install/examples_rclpy_minimal_client:/root/ros2_ws/install/examples_rclpy_minimal_action_server:/root/ros2_ws/install/examples_rclpy_minimal_action_client:/root/ros2_ws/install/examples_rclpy_guard_conditions:/root/ros2_ws/install/examples_rclpy_executors:/opt/ros/humble /usr/bin/cmake --install /root/ros2_workspace/build/my_msgs
[4.739s] -- Install configuration: ""
[4.741s] -- Installing: /root/ros2_workspace/install/my_msgs/share/ament_index/resource_index/package_run_dependencies/my_msgs
[4.742s] -- Installing: /root/ros2_workspace/install/my_msgs/share/ament_index/resource_index/parent_prefix_path/my_msgs
[4.743s] -- Installing: /root/ros2_workspace/install/my_msgs/share/my_msgs/environment/ament_prefix_path.sh
[4.745s] -- Installing: /root/ros2_workspace/install/my_msgs/share/my_msgs/environment/ament_prefix_path.dsv
[4.746s] -- Installing: /root/ros2_workspace/install/my_msgs/share/my_msgs/environment/path.sh
[4.748s] -- Installing: /root/ros2_workspace/install/my_msgs/share/my_msgs/environment/path.dsv
[4.749s] -- Installing: /root/ros2_workspace/install/my_msgs/share/my_msgs/local_setup.bash
[4.750s] -- Installing: /root/ros2_workspace/install/my_msgs/share/my_msgs/local_setup.sh
[4.750s] -- Installing: /root/ros2_workspace/install/my_msgs/share/my_msgs/local_setup.zsh
[4.751s] -- Installing: /root/ros2_workspace/install/my_msgs/share/my_msgs/local_setup.dsv
[4.752s] -- Installing: /root/ros2_workspace/install/my_msgs/share/my_msgs/package.dsv
[4.752s] -- Installing: /root/ros2_workspace/install/my_msgs/share/ament_index/resource_index/packages/my_msgs
[4.753s] -- Installing: /root/ros2_workspace/install/my_msgs/share/my_msgs/cmake/my_msgsConfig.cmake
[4.754s] -- Installing: /root/ros2_workspace/install/my_msgs/share/my_msgs/cmake/my_msgsConfig-version.cmake
[4.754s] -- Installing: /root/ros2_workspace/install/my_msgs/share/my_msgs/package.xml
[4.762s] Invoked command in '/root/ros2_workspace/build/my_msgs' returned '0': CMAKE_PREFIX_PATH=${CMAKE_PREFIX_PATH}:/root/ros2_ws/install/py_srvcli:/root/ros2_ws/install/py_pubsub:/root/ros2_ws/install/python_parameters:/root/ros2_ws/install/my_package:/root/ros2_ws/install/launch_testing_examples:/root/ros2_ws/install/examples_rclpy_pointcloud_publisher:/root/ros2_ws/install/examples_rclpy_minimal_subscriber:/root/ros2_ws/install/examples_rclpy_minimal_service:/root/ros2_ws/install/examples_rclpy_minimal_publisher:/root/ros2_ws/install/examples_rclpy_minimal_client:/root/ros2_ws/install/examples_rclpy_minimal_action_server:/root/ros2_ws/install/examples_rclpy_minimal_action_client:/root/ros2_ws/install/examples_rclpy_guard_conditions:/root/ros2_ws/install/examples_rclpy_executors:/opt/ros/humble /usr/bin/cmake --install /root/ros2_workspace/build/my_msgs
