[1.341s] DEBUG:colcon:Command line arguments: ['/usr/bin/colcon', 'build']
[1.341s] DEBUG:colcon:Parsed command line arguments: Namespace(log_base=None, log_level=None, verb_name='build', build_base='build', install_base='install', merge_install=False, symlink_install=False, test_result_base=None, continue_on_error=False, executor='parallel', parallel_workers=12, event_handlers=None, ignore_user_meta=False, metas=['./colcon.meta'], base_paths=['.'], packages_ignore=None, packages_ignore_regex=None, paths=None, packages_up_to=None, packages_up_to_regex=None, packages_above=None, packages_above_and_dependencies=None, packages_above_depth=None, packages_select_by_dep=None, packages_skip_by_dep=None, packages_skip_up_to=None, packages_select_build_failed=False, packages_skip_build_finished=False, packages_select_test_failures=False, packages_skip_test_passed=False, packages_select=None, packages_skip=None, packages_select_regex=None, packages_skip_regex=None, packages_start=None, packages_end=None, allow_overriding=[], cmake_args=None, cmake_target=None, cmake_target_skip_unavailable=False, cmake_clean_cache=False, cmake_clean_first=False, cmake_force_configure=False, ament_cmake_args=None, catkin_cmake_args=None, catkin_skip_building_tests=False, verb_parser=<colcon_defaults.argument_parser.defaults.DefaultArgumentsDecorator object at 0x7fe0be8dd6f0>, verb_extension=<colcon_core.verb.build.BuildVerb object at 0x7fe0be8dcdf0>, main=<bound method BuildVerb.main of <colcon_core.verb.build.BuildVerb object at 0x7fe0be8dcdf0>>)
[1.401s] Level 1:colcon.colcon_core.package_discovery:discover_packages(colcon_meta) check parameters
[1.401s] Level 1:colcon.colcon_core.package_discovery:discover_packages(recursive) check parameters
[1.401s] Level 1:colcon.colcon_core.package_discovery:discover_packages(ignore) check parameters
[1.401s] Level 1:colcon.colcon_core.package_discovery:discover_packages(path) check parameters
[1.401s] Level 1:colcon.colcon_core.package_discovery:discover_packages(colcon_meta) discover
[1.401s] Level 1:colcon.colcon_core.package_discovery:discover_packages(recursive) discover
[1.401s] INFO:colcon.colcon_core.package_discovery:Crawling recursively for packages in '/root/ros2_workspace'
[1.401s] Level 1:colcon.colcon_core.package_identification:_identify(.) by extensions ['ignore', 'ignore_ament_install']
[1.402s] Level 1:colcon.colcon_core.package_identification:_identify(.) by extension 'ignore'
[1.402s] Level 1:colcon.colcon_core.package_identification:_identify(.) by extension 'ignore_ament_install'
[1.402s] Level 1:colcon.colcon_core.package_identification:_identify(.) by extensions ['colcon_pkg']
[1.402s] Level 1:colcon.colcon_core.package_identification:_identify(.) by extension 'colcon_pkg'
[1.402s] Level 1:colcon.colcon_core.package_identification:_identify(.) by extensions ['colcon_meta']
[1.402s] Level 1:colcon.colcon_core.package_identification:_identify(.) by extension 'colcon_meta'
[1.402s] Level 1:colcon.colcon_core.package_identification:_identify(.) by extensions ['ros']
[1.402s] Level 1:colcon.colcon_core.package_identification:_identify(.) by extension 'ros'
[1.415s] Level 1:colcon.colcon_core.package_identification:_identify(.) by extensions ['cmake', 'python']
[1.415s] Level 1:colcon.colcon_core.package_identification:_identify(.) by extension 'cmake'
[1.415s] Level 1:colcon.colcon_core.package_identification:_identify(.) by extension 'python'
[1.415s] Level 1:colcon.colcon_core.package_identification:_identify(.) by extensions ['python_setup_py']
[1.415s] Level 1:colcon.colcon_core.package_identification:_identify(.) by extension 'python_setup_py'
[1.415s] Level 1:colcon.colcon_core.package_identification:_identify(build) by extensions ['ignore', 'ignore_ament_install']
[1.416s] Level 1:colcon.colcon_core.package_identification:_identify(build) by extension 'ignore'
[1.416s] Level 1:colcon.colcon_core.package_identification:_identify(build) ignored
[1.416s] Level 1:colcon.colcon_core.package_identification:_identify(install) by extensions ['ignore', 'ignore_ament_install']
[1.416s] Level 1:colcon.colcon_core.package_identification:_identify(install) by extension 'ignore'
[1.416s] Level 1:colcon.colcon_core.package_identification:_identify(install) ignored
[1.416s] Level 1:colcon.colcon_core.package_identification:_identify(log) by extensions ['ignore', 'ignore_ament_install']
[1.416s] Level 1:colcon.colcon_core.package_identification:_identify(log) by extension 'ignore'
[1.416s] Level 1:colcon.colcon_core.package_identification:_identify(log) ignored
[1.416s] Level 1:colcon.colcon_core.package_identification:_identify(src) by extensions ['ignore', 'ignore_ament_install']
[1.416s] Level 1:colcon.colcon_core.package_identification:_identify(src) by extension 'ignore'
[1.417s] Level 1:colcon.colcon_core.package_identification:_identify(src) by extension 'ignore_ament_install'
[1.417s] Level 1:colcon.colcon_core.package_identification:_identify(src) by extensions ['colcon_pkg']
[1.417s] Level 1:colcon.colcon_core.package_identification:_identify(src) by extension 'colcon_pkg'
[1.417s] Level 1:colcon.colcon_core.package_identification:_identify(src) by extensions ['colcon_meta']
[1.417s] Level 1:colcon.colcon_core.package_identification:_identify(src) by extension 'colcon_meta'
[1.417s] Level 1:colcon.colcon_core.package_identification:_identify(src) by extensions ['ros']
[1.417s] Level 1:colcon.colcon_core.package_identification:_identify(src) by extension 'ros'
[1.417s] Level 1:colcon.colcon_core.package_identification:_identify(src) by extensions ['cmake', 'python']
[1.417s] Level 1:colcon.colcon_core.package_identification:_identify(src) by extension 'cmake'
[1.417s] Level 1:colcon.colcon_core.package_identification:_identify(src) by extension 'python'
[1.417s] Level 1:colcon.colcon_core.package_identification:_identify(src) by extensions ['python_setup_py']
[1.417s] Level 1:colcon.colcon_core.package_identification:_identify(src) by extension 'python_setup_py'
[1.417s] Level 1:colcon.colcon_core.package_identification:_identify(src/my_execs) by extensions ['ignore', 'ignore_ament_install']
[1.417s] Level 1:colcon.colcon_core.package_identification:_identify(src/my_execs) by extension 'ignore'
[1.418s] Level 1:colcon.colcon_core.package_identification:_identify(src/my_execs) by extension 'ignore_ament_install'
[1.418s] Level 1:colcon.colcon_core.package_identification:_identify(src/my_execs) by extensions ['colcon_pkg']
[1.418s] Level 1:colcon.colcon_core.package_identification:_identify(src/my_execs) by extension 'colcon_pkg'
[1.418s] Level 1:colcon.colcon_core.package_identification:_identify(src/my_execs) by extensions ['colcon_meta']
[1.418s] Level 1:colcon.colcon_core.package_identification:_identify(src/my_execs) by extension 'colcon_meta'
[1.418s] Level 1:colcon.colcon_core.package_identification:_identify(src/my_execs) by extensions ['ros']
[1.418s] Level 1:colcon.colcon_core.package_identification:_identify(src/my_execs) by extension 'ros'
[1.418s] Level 1:colcon.colcon_core.package_identification:_identify(src/my_execs) by extensions ['cmake', 'python']
[1.418s] Level 1:colcon.colcon_core.package_identification:_identify(src/my_execs) by extension 'cmake'
[1.418s] Level 1:colcon.colcon_core.package_identification:_identify(src/my_execs) by extension 'python'
[1.418s] Level 1:colcon.colcon_core.package_identification:_identify(src/my_execs) by extensions ['python_setup_py']
[1.418s] Level 1:colcon.colcon_core.package_identification:_identify(src/my_execs) by extension 'python_setup_py'
[1.418s] Level 1:colcon.colcon_core.package_identification:_identify(src/my_execs/Py_pubsub) by extensions ['ignore', 'ignore_ament_install']
[1.418s] Level 1:colcon.colcon_core.package_identification:_identify(src/my_execs/Py_pubsub) by extension 'ignore'
[1.418s] Level 1:colcon.colcon_core.package_identification:_identify(src/my_execs/Py_pubsub) by extension 'ignore_ament_install'
[1.418s] Level 1:colcon.colcon_core.package_identification:_identify(src/my_execs/Py_pubsub) by extensions ['colcon_pkg']
[1.419s] Level 1:colcon.colcon_core.package_identification:_identify(src/my_execs/Py_pubsub) by extension 'colcon_pkg'
[1.419s] Level 1:colcon.colcon_core.package_identification:_identify(src/my_execs/Py_pubsub) by extensions ['colcon_meta']
[1.419s] Level 1:colcon.colcon_core.package_identification:_identify(src/my_execs/Py_pubsub) by extension 'colcon_meta'
[1.419s] Level 1:colcon.colcon_core.package_identification:_identify(src/my_execs/Py_pubsub) by extensions ['ros']
[1.419s] Level 1:colcon.colcon_core.package_identification:_identify(src/my_execs/Py_pubsub) by extension 'ros'
[1.429s] DEBUG:colcon.colcon_core.package_identification:Package 'src/my_execs/Py_pubsub' with type 'ros.ament_python' and name 'py_pubsub'
[1.429s] Level 1:colcon.colcon_core.package_identification:_identify(src/my_msgs) by extensions ['ignore', 'ignore_ament_install']
[1.429s] Level 1:colcon.colcon_core.package_identification:_identify(src/my_msgs) by extension 'ignore'
[1.429s] Level 1:colcon.colcon_core.package_identification:_identify(src/my_msgs) by extension 'ignore_ament_install'
[1.429s] Level 1:colcon.colcon_core.package_identification:_identify(src/my_msgs) by extensions ['colcon_pkg']
[1.429s] Level 1:colcon.colcon_core.package_identification:_identify(src/my_msgs) by extension 'colcon_pkg'
[1.429s] Level 1:colcon.colcon_core.package_identification:_identify(src/my_msgs) by extensions ['colcon_meta']
[1.429s] Level 1:colcon.colcon_core.package_identification:_identify(src/my_msgs) by extension 'colcon_meta'
[1.429s] Level 1:colcon.colcon_core.package_identification:_identify(src/my_msgs) by extensions ['ros']
[1.429s] Level 1:colcon.colcon_core.package_identification:_identify(src/my_msgs) by extension 'ros'
[1.430s] DEBUG:colcon.colcon_core.package_identification:Package 'src/my_msgs' with type 'ros.ament_cmake' and name 'my_msgs'
[1.430s] Level 1:colcon.colcon_core.package_discovery:discover_packages(recursive) using defaults
[1.430s] Level 1:colcon.colcon_core.package_discovery:discover_packages(ignore) discover
[1.430s] Level 1:colcon.colcon_core.package_discovery:discover_packages(ignore) using defaults
[1.430s] Level 1:colcon.colcon_core.package_discovery:discover_packages(path) discover
[1.430s] Level 1:colcon.colcon_core.package_discovery:discover_packages(path) using defaults
[1.540s] Level 1:colcon.colcon_core.package_discovery:discover_packages(prefix_path) check parameters
[1.540s] Level 1:colcon.colcon_core.package_discovery:discover_packages(prefix_path) discover
[1.577s] DEBUG:colcon.colcon_installed_package_information.package_discovery:Found 29 installed packages in /root/ros2_ws/install
[1.594s] DEBUG:colcon.colcon_installed_package_information.package_discovery:Found 288 installed packages in /opt/ros/humble
[1.597s] Level 1:colcon.colcon_core.package_discovery:discover_packages(prefix_path) using defaults
[1.716s] Level 5:colcon.colcon_core.verb:set package 'my_msgs' build argument 'cmake_args' from command line to 'None'
[1.716s] Level 5:colcon.colcon_core.verb:set package 'my_msgs' build argument 'cmake_target' from command line to 'None'
[1.716s] Level 5:colcon.colcon_core.verb:set package 'my_msgs' build argument 'cmake_target_skip_unavailable' from command line to 'False'
[1.716s] Level 5:colcon.colcon_core.verb:set package 'my_msgs' build argument 'cmake_clean_cache' from command line to 'False'
[1.716s] Level 5:colcon.colcon_core.verb:set package 'my_msgs' build argument 'cmake_clean_first' from command line to 'False'
[1.716s] Level 5:colcon.colcon_core.verb:set package 'my_msgs' build argument 'cmake_force_configure' from command line to 'False'
[1.716s] Level 5:colcon.colcon_core.verb:set package 'my_msgs' build argument 'ament_cmake_args' from command line to 'None'
[1.716s] Level 5:colcon.colcon_core.verb:set package 'my_msgs' build argument 'catkin_cmake_args' from command line to 'None'
[1.716s] Level 5:colcon.colcon_core.verb:set package 'my_msgs' build argument 'catkin_skip_building_tests' from command line to 'False'
[1.716s] DEBUG:colcon.colcon_core.verb:Building package 'my_msgs' with the following arguments: {'ament_cmake_args': None, 'build_base': '/root/ros2_workspace/build/my_msgs', 'catkin_cmake_args': None, 'catkin_skip_building_tests': False, 'cmake_args': None, 'cmake_clean_cache': False, 'cmake_clean_first': False, 'cmake_force_configure': False, 'cmake_target': None, 'cmake_target_skip_unavailable': False, 'install_base': '/root/ros2_workspace/install/my_msgs', 'merge_install': False, 'path': '/root/ros2_workspace/src/my_msgs', 'symlink_install': False, 'test_result_base': None}
[1.733s] Level 5:colcon.colcon_core.verb:set package 'py_pubsub' build argument 'cmake_args' from command line to 'None'
[1.733s] Level 5:colcon.colcon_core.verb:set package 'py_pubsub' build argument 'cmake_target' from command line to 'None'
[1.733s] Level 5:colcon.colcon_core.verb:set package 'py_pubsub' build argument 'cmake_target_skip_unavailable' from command line to 'False'
[1.733s] Level 5:colcon.colcon_core.verb:set package 'py_pubsub' build argument 'cmake_clean_cache' from command line to 'False'
[1.733s] Level 5:colcon.colcon_core.verb:set package 'py_pubsub' build argument 'cmake_clean_first' from command line to 'False'
[1.733s] Level 5:colcon.colcon_core.verb:set package 'py_pubsub' build argument 'cmake_force_configure' from command line to 'False'
[1.733s] Level 5:colcon.colcon_core.verb:set package 'py_pubsub' build argument 'ament_cmake_args' from command line to 'None'
[1.733s] Level 5:colcon.colcon_core.verb:set package 'py_pubsub' build argument 'catkin_cmake_args' from command line to 'None'
[1.733s] Level 5:colcon.colcon_core.verb:set package 'py_pubsub' build argument 'catkin_skip_building_tests' from command line to 'False'
[1.733s] DEBUG:colcon.colcon_core.verb:Building package 'py_pubsub' with the following arguments: {'ament_cmake_args': None, 'build_base': '/root/ros2_workspace/build/py_pubsub', 'catkin_cmake_args': None, 'catkin_skip_building_tests': False, 'cmake_args': None, 'cmake_clean_cache': False, 'cmake_clean_first': False, 'cmake_force_configure': False, 'cmake_target': None, 'cmake_target_skip_unavailable': False, 'install_base': '/root/ros2_workspace/install/py_pubsub', 'merge_install': False, 'path': '/root/ros2_workspace/src/my_execs/Py_pubsub', 'symlink_install': False, 'test_result_base': None}
[1.751s] INFO:colcon.colcon_core.executor:Executing jobs using 'parallel' executor
[1.776s] DEBUG:colcon.colcon_parallel_executor.executor.parallel:run_until_complete
[1.777s] INFO:colcon.colcon_ros.task.ament_cmake.build:Building ROS package in '/root/ros2_workspace/src/my_msgs' with build type 'ament_cmake'
[1.777s] INFO:colcon.colcon_cmake.task.cmake.build:Building CMake package in '/root/ros2_workspace/src/my_msgs'
[1.806s] INFO:colcon.colcon_core.plugin_system:Skipping extension 'colcon_core.shell.bat': Not used on non-Windows systems
[1.807s] INFO:colcon.colcon_core.shell:Skip shell extension 'powershell' for command environment: Not usable outside of PowerShell
[1.807s] DEBUG:colcon.colcon_core.shell:Skip shell extension 'dsv' for command environment
[1.897s] INFO:colcon.colcon_ros.task.ament_python.build:Building ROS package in '/root/ros2_workspace/src/my_execs/Py_pubsub' with build type 'ament_python'
[1.897s] Level 1:colcon.colcon_core.shell:create_environment_hook('py_pubsub', 'ament_prefix_path')
[1.926s] INFO:colcon.colcon_core.shell:Creating environment hook '/root/ros2_workspace/install/py_pubsub/share/py_pubsub/hook/ament_prefix_path.ps1'
[1.929s] INFO:colcon.colcon_core.shell:Creating environment descriptor '/root/ros2_workspace/install/py_pubsub/share/py_pubsub/hook/ament_prefix_path.dsv'
[1.930s] INFO:colcon.colcon_core.shell:Creating environment hook '/root/ros2_workspace/install/py_pubsub/share/py_pubsub/hook/ament_prefix_path.sh'
[1.957s] INFO:colcon.colcon_core.shell:Skip shell extension 'powershell' for command environment: Not usable outside of PowerShell
[1.957s] DEBUG:colcon.colcon_core.shell:Skip shell extension 'dsv' for command environment
[2.052s] DEBUG:colcon.colcon_core.event_handler.log_command:Invoking command in '/root/ros2_workspace/build/my_msgs': CMAKE_PREFIX_PATH=${CMAKE_PREFIX_PATH}:/root/ros2_ws/install/py_srvcli:/root/ros2_ws/install/py_pubsub:/root/ros2_ws/install/python_parameters:/root/ros2_ws/install/my_package:/root/ros2_ws/install/launch_testing_examples:/root/ros2_ws/install/examples_rclpy_pointcloud_publisher:/root/ros2_ws/install/examples_rclpy_minimal_subscriber:/root/ros2_ws/install/examples_rclpy_minimal_service:/root/ros2_ws/install/examples_rclpy_minimal_publisher:/root/ros2_ws/install/examples_rclpy_minimal_client:/root/ros2_ws/install/examples_rclpy_minimal_action_server:/root/ros2_ws/install/examples_rclpy_minimal_action_client:/root/ros2_ws/install/examples_rclpy_guard_conditions:/root/ros2_ws/install/examples_rclpy_executors:/opt/ros/humble /usr/bin/cmake /root/ros2_workspace/src/my_msgs -DCMAKE_INSTALL_PREFIX=/root/ros2_workspace/install/my_msgs
[2.461s] INFO:colcon.colcon_core.task.python.build:Building Python package in '/root/ros2_workspace/src/my_execs/Py_pubsub'
[2.485s] INFO:colcon.colcon_core.shell:Skip shell extension 'powershell' for command environment: Not usable outside of PowerShell
[2.485s] DEBUG:colcon.colcon_core.shell:Skip shell extension 'dsv' for command environment
[3.312s] DEBUG:colcon.colcon_core.event_handler.log_command:Invoking command in '/root/ros2_workspace/src/my_execs/Py_pubsub': PYTHONPATH=/root/ros2_workspace/build/py_pubsub/prefix_override:/root/ros2_workspace/install/py_pubsub/lib/python3.10/site-packages:${PYTHONPATH} /usr/bin/python3 setup.py egg_info --egg-base ../../../build/py_pubsub build --build-base /root/ros2_workspace/build/py_pubsub/build install --record /root/ros2_workspace/build/py_pubsub/install.log --single-version-externally-managed
[3.825s] DEBUG:colcon.colcon_core.event_handler.log_command:Invoked command in '/root/ros2_workspace/src/my_execs/Py_pubsub' returned '0': PYTHONPATH=/root/ros2_workspace/build/py_pubsub/prefix_override:/root/ros2_workspace/install/py_pubsub/lib/python3.10/site-packages:${PYTHONPATH} /usr/bin/python3 setup.py egg_info --egg-base ../../../build/py_pubsub build --build-base /root/ros2_workspace/build/py_pubsub/build install --record /root/ros2_workspace/build/py_pubsub/install.log --single-version-externally-managed
[3.867s] Level 1:colcon.colcon_core.environment:checking '/root/ros2_workspace/install/py_pubsub' for CMake module files
[3.867s] Level 1:colcon.colcon_core.environment:checking '/root/ros2_workspace/install/py_pubsub' for CMake config files
[3.868s] Level 1:colcon.colcon_core.environment:checking '/root/ros2_workspace/install/py_pubsub/lib'
[3.868s] Level 1:colcon.colcon_core.environment:checking '/root/ros2_workspace/install/py_pubsub/bin'
[3.869s] Level 1:colcon.colcon_core.environment:checking '/root/ros2_workspace/install/py_pubsub/lib/pkgconfig/py_pubsub.pc'
[3.869s] Level 1:colcon.colcon_core.environment:checking '/root/ros2_workspace/install/py_pubsub/lib/python3.10/site-packages'
[3.869s] Level 1:colcon.colcon_core.shell:create_environment_hook('py_pubsub', 'pythonpath')
[3.892s] INFO:colcon.colcon_core.shell:Creating environment hook '/root/ros2_workspace/install/py_pubsub/share/py_pubsub/hook/pythonpath.ps1'
[3.893s] INFO:colcon.colcon_core.shell:Creating environment descriptor '/root/ros2_workspace/install/py_pubsub/share/py_pubsub/hook/pythonpath.dsv'
[3.894s] INFO:colcon.colcon_core.shell:Creating environment hook '/root/ros2_workspace/install/py_pubsub/share/py_pubsub/hook/pythonpath.sh'
[3.895s] Level 1:colcon.colcon_core.environment:checking '/root/ros2_workspace/install/py_pubsub/bin'
[3.895s] Level 1:colcon.colcon_core.environment:create_environment_scripts_only(py_pubsub)
[3.923s] INFO:colcon.colcon_core.shell:Creating package script '/root/ros2_workspace/install/py_pubsub/share/py_pubsub/package.ps1'
[3.925s] INFO:colcon.colcon_core.shell:Creating package descriptor '/root/ros2_workspace/install/py_pubsub/share/py_pubsub/package.dsv'
[3.927s] INFO:colcon.colcon_core.shell:Creating package script '/root/ros2_workspace/install/py_pubsub/share/py_pubsub/package.sh'
[3.929s] INFO:colcon.colcon_core.shell:Creating package script '/root/ros2_workspace/install/py_pubsub/share/py_pubsub/package.bash'
[3.931s] INFO:colcon.colcon_core.shell:Creating package script '/root/ros2_workspace/install/py_pubsub/share/py_pubsub/package.zsh'
[3.932s] Level 1:colcon.colcon_core.environment:create_file_with_runtime_dependencies(/root/ros2_workspace/install/py_pubsub/share/colcon-core/packages/py_pubsub)
[6.320s] DEBUG:colcon.colcon_core.event_handler.log_command:Invoked command in '/root/ros2_workspace/build/my_msgs' returned '0': CMAKE_PREFIX_PATH=${CMAKE_PREFIX_PATH}:/root/ros2_ws/install/py_srvcli:/root/ros2_ws/install/py_pubsub:/root/ros2_ws/install/python_parameters:/root/ros2_ws/install/my_package:/root/ros2_ws/install/launch_testing_examples:/root/ros2_ws/install/examples_rclpy_pointcloud_publisher:/root/ros2_ws/install/examples_rclpy_minimal_subscriber:/root/ros2_ws/install/examples_rclpy_minimal_service:/root/ros2_ws/install/examples_rclpy_minimal_publisher:/root/ros2_ws/install/examples_rclpy_minimal_client:/root/ros2_ws/install/examples_rclpy_minimal_action_server:/root/ros2_ws/install/examples_rclpy_minimal_action_client:/root/ros2_ws/install/examples_rclpy_guard_conditions:/root/ros2_ws/install/examples_rclpy_executors:/opt/ros/humble /usr/bin/cmake /root/ros2_workspace/src/my_msgs -DCMAKE_INSTALL_PREFIX=/root/ros2_workspace/install/my_msgs
[6.325s] DEBUG:colcon.colcon_core.event_handler.log_command:Invoking command in '/root/ros2_workspace/build/my_msgs': CMAKE_PREFIX_PATH=${CMAKE_PREFIX_PATH}:/root/ros2_ws/install/py_srvcli:/root/ros2_ws/install/py_pubsub:/root/ros2_ws/install/python_parameters:/root/ros2_ws/install/my_package:/root/ros2_ws/install/launch_testing_examples:/root/ros2_ws/install/examples_rclpy_pointcloud_publisher:/root/ros2_ws/install/examples_rclpy_minimal_subscriber:/root/ros2_ws/install/examples_rclpy_minimal_service:/root/ros2_ws/install/examples_rclpy_minimal_publisher:/root/ros2_ws/install/examples_rclpy_minimal_client:/root/ros2_ws/install/examples_rclpy_minimal_action_server:/root/ros2_ws/install/examples_rclpy_minimal_action_client:/root/ros2_ws/install/examples_rclpy_guard_conditions:/root/ros2_ws/install/examples_rclpy_executors:/opt/ros/humble /usr/bin/cmake --build /root/ros2_workspace/build/my_msgs -- -j12 -l12
[6.399s] DEBUG:colcon.colcon_core.event_handler.log_command:Invoked command in '/root/ros2_workspace/build/my_msgs' returned '0': CMAKE_PREFIX_PATH=${CMAKE_PREFIX_PATH}:/root/ros2_ws/install/py_srvcli:/root/ros2_ws/install/py_pubsub:/root/ros2_ws/install/python_parameters:/root/ros2_ws/install/my_package:/root/ros2_ws/install/launch_testing_examples:/root/ros2_ws/install/examples_rclpy_pointcloud_publisher:/root/ros2_ws/install/examples_rclpy_minimal_subscriber:/root/ros2_ws/install/examples_rclpy_minimal_service:/root/ros2_ws/install/examples_rclpy_minimal_publisher:/root/ros2_ws/install/examples_rclpy_minimal_client:/root/ros2_ws/install/examples_rclpy_minimal_action_server:/root/ros2_ws/install/examples_rclpy_minimal_action_client:/root/ros2_ws/install/examples_rclpy_guard_conditions:/root/ros2_ws/install/examples_rclpy_executors:/opt/ros/humble /usr/bin/cmake --build /root/ros2_workspace/build/my_msgs -- -j12 -l12
[6.498s] DEBUG:colcon.colcon_core.event_handler.log_command:Invoking command in '/root/ros2_workspace/build/my_msgs': CMAKE_PREFIX_PATH=${CMAKE_PREFIX_PATH}:/root/ros2_ws/install/py_srvcli:/root/ros2_ws/install/py_pubsub:/root/ros2_ws/install/python_parameters:/root/ros2_ws/install/my_package:/root/ros2_ws/install/launch_testing_examples:/root/ros2_ws/install/examples_rclpy_pointcloud_publisher:/root/ros2_ws/install/examples_rclpy_minimal_subscriber:/root/ros2_ws/install/examples_rclpy_minimal_service:/root/ros2_ws/install/examples_rclpy_minimal_publisher:/root/ros2_ws/install/examples_rclpy_minimal_client:/root/ros2_ws/install/examples_rclpy_minimal_action_server:/root/ros2_ws/install/examples_rclpy_minimal_action_client:/root/ros2_ws/install/examples_rclpy_guard_conditions:/root/ros2_ws/install/examples_rclpy_executors:/opt/ros/humble /usr/bin/cmake --install /root/ros2_workspace/build/my_msgs
[6.538s] Level 1:colcon.colcon_core.environment:create_environment_scripts_only(my_msgs)
[6.542s] DEBUG:colcon.colcon_core.event_handler.log_command:Invoked command in '/root/ros2_workspace/build/my_msgs' returned '0': CMAKE_PREFIX_PATH=${CMAKE_PREFIX_PATH}:/root/ros2_ws/install/py_srvcli:/root/ros2_ws/install/py_pubsub:/root/ros2_ws/install/python_parameters:/root/ros2_ws/install/my_package:/root/ros2_ws/install/launch_testing_examples:/root/ros2_ws/install/examples_rclpy_pointcloud_publisher:/root/ros2_ws/install/examples_rclpy_minimal_subscriber:/root/ros2_ws/install/examples_rclpy_minimal_service:/root/ros2_ws/install/examples_rclpy_minimal_publisher:/root/ros2_ws/install/examples_rclpy_minimal_client:/root/ros2_ws/install/examples_rclpy_minimal_action_server:/root/ros2_ws/install/examples_rclpy_minimal_action_client:/root/ros2_ws/install/examples_rclpy_guard_conditions:/root/ros2_ws/install/examples_rclpy_executors:/opt/ros/humble /usr/bin/cmake --install /root/ros2_workspace/build/my_msgs
[6.628s] Level 1:colcon.colcon_core.environment:checking '/root/ros2_workspace/install/my_msgs' for CMake module files
[6.630s] Level 1:colcon.colcon_core.environment:checking '/root/ros2_workspace/install/my_msgs' for CMake config files
[6.631s] Level 1:colcon.colcon_core.shell:create_environment_hook('my_msgs', 'cmake_prefix_path')
[6.656s] INFO:colcon.colcon_core.shell:Creating environment hook '/root/ros2_workspace/install/my_msgs/share/my_msgs/hook/cmake_prefix_path.ps1'
[6.657s] INFO:colcon.colcon_core.shell:Creating environment descriptor '/root/ros2_workspace/install/my_msgs/share/my_msgs/hook/cmake_prefix_path.dsv'
[6.657s] INFO:colcon.colcon_core.shell:Creating environment hook '/root/ros2_workspace/install/my_msgs/share/my_msgs/hook/cmake_prefix_path.sh'
[6.658s] Level 1:colcon.colcon_core.environment:checking '/root/ros2_workspace/install/my_msgs/bin'
[6.658s] Level 1:colcon.colcon_core.environment:checking '/root/ros2_workspace/install/my_msgs/lib/pkgconfig/my_msgs.pc'
[6.658s] Level 1:colcon.colcon_core.environment:checking '/root/ros2_workspace/install/my_msgs/lib/python3.10/site-packages'
[6.658s] Level 1:colcon.colcon_core.environment:checking '/root/ros2_workspace/install/my_msgs/bin'
[6.675s] INFO:colcon.colcon_core.shell:Creating package script '/root/ros2_workspace/install/my_msgs/share/my_msgs/package.ps1'
[6.675s] INFO:colcon.colcon_core.shell:Creating package descriptor '/root/ros2_workspace/install/my_msgs/share/my_msgs/package.dsv'
[6.676s] INFO:colcon.colcon_core.shell:Creating package script '/root/ros2_workspace/install/my_msgs/share/my_msgs/package.sh'
[6.676s] INFO:colcon.colcon_core.shell:Creating package script '/root/ros2_workspace/install/my_msgs/share/my_msgs/package.bash'
[6.677s] INFO:colcon.colcon_core.shell:Creating package script '/root/ros2_workspace/install/my_msgs/share/my_msgs/package.zsh'
[6.677s] Level 1:colcon.colcon_core.environment:create_file_with_runtime_dependencies(/root/ros2_workspace/install/my_msgs/share/colcon-core/packages/my_msgs)
[6.724s] Level 1:colcon.colcon_core.environment:create_environment_scripts_only(my_msgs)
[6.746s] Level 1:colcon.colcon_core.environment:checking '/root/ros2_workspace/install/my_msgs' for CMake module files
[6.746s] Level 1:colcon.colcon_core.environment:checking '/root/ros2_workspace/install/my_msgs' for CMake config files
[6.747s] Level 1:colcon.colcon_core.shell:create_environment_hook('my_msgs', 'cmake_prefix_path')
[6.774s] INFO:colcon.colcon_core.shell:Creating environment hook '/root/ros2_workspace/install/my_msgs/share/my_msgs/hook/cmake_prefix_path.ps1'
[6.775s] INFO:colcon.colcon_core.shell:Creating environment descriptor '/root/ros2_workspace/install/my_msgs/share/my_msgs/hook/cmake_prefix_path.dsv'
[6.775s] INFO:colcon.colcon_core.shell:Creating environment hook '/root/ros2_workspace/install/my_msgs/share/my_msgs/hook/cmake_prefix_path.sh'
[6.776s] Level 1:colcon.colcon_core.environment:checking '/root/ros2_workspace/install/my_msgs/bin'
[6.776s] Level 1:colcon.colcon_core.environment:checking '/root/ros2_workspace/install/my_msgs/lib/pkgconfig/my_msgs.pc'
[6.777s] Level 1:colcon.colcon_core.environment:checking '/root/ros2_workspace/install/my_msgs/lib/python3.10/site-packages'
[6.777s] Level 1:colcon.colcon_core.environment:checking '/root/ros2_workspace/install/my_msgs/bin'
[6.808s] INFO:colcon.colcon_core.shell:Creating package script '/root/ros2_workspace/install/my_msgs/share/my_msgs/package.ps1'
[6.809s] INFO:colcon.colcon_core.shell:Creating package descriptor '/root/ros2_workspace/install/my_msgs/share/my_msgs/package.dsv'
[6.810s] INFO:colcon.colcon_core.shell:Creating package script '/root/ros2_workspace/install/my_msgs/share/my_msgs/package.sh'
[6.811s] INFO:colcon.colcon_core.shell:Creating package script '/root/ros2_workspace/install/my_msgs/share/my_msgs/package.bash'
[6.812s] INFO:colcon.colcon_core.shell:Creating package script '/root/ros2_workspace/install/my_msgs/share/my_msgs/package.zsh'
[6.812s] Level 1:colcon.colcon_core.environment:create_file_with_runtime_dependencies(/root/ros2_workspace/install/my_msgs/share/colcon-core/packages/my_msgs)
[6.813s] DEBUG:colcon.colcon_parallel_executor.executor.parallel:closing loop
[6.814s] DEBUG:colcon.colcon_parallel_executor.executor.parallel:loop closed
[6.814s] DEBUG:colcon.colcon_parallel_executor.executor.parallel:run_until_complete finished with '0'
[6.815s] DEBUG:colcon.colcon_core.event_reactor:joining thread
[6.957s] INFO:colcon.colcon_core.plugin_system:Skipping extension 'colcon_notification.desktop_notification.notify_send': Could not find 'notify-send'
[6.957s] INFO:colcon.colcon_core.plugin_system:Skipping extension 'colcon_notification.desktop_notification.terminal_notifier': Not used on non-Darwin systems
[6.958s] INFO:colcon.colcon_core.plugin_system:Skipping extension 'colcon_notification.desktop_notification.win32': Not used on non-Windows systems
[6.958s] INFO:colcon.colcon_notification.desktop_notification:Sending desktop notification using 'notify2'
[6.960s] DEBUG:colcon.colcon_notification.desktop_notification.notify2:Failed to initialize notify2: org.freedesktop.DBus.Error.ServiceUnknown: The name org.freedesktop.Notifications was not provided by any .service files
[6.960s] DEBUG:colcon.colcon_core.event_reactor:joined thread
[6.989s] INFO:colcon.colcon_core.shell:Creating prefix script '/root/ros2_workspace/install/local_setup.ps1'
[6.991s] INFO:colcon.colcon_core.shell:Creating prefix util module '/root/ros2_workspace/install/_local_setup_util_ps1.py'
[6.993s] INFO:colcon.colcon_core.shell:Creating prefix chain script '/root/ros2_workspace/install/setup.ps1'
[7.017s] INFO:colcon.colcon_core.shell:Creating prefix script '/root/ros2_workspace/install/local_setup.sh'
[7.018s] INFO:colcon.colcon_core.shell:Creating prefix util module '/root/ros2_workspace/install/_local_setup_util_sh.py'
[7.018s] INFO:colcon.colcon_core.shell:Creating prefix chain script '/root/ros2_workspace/install/setup.sh'
[7.035s] INFO:colcon.colcon_core.shell:Creating prefix script '/root/ros2_workspace/install/local_setup.bash'
[7.035s] INFO:colcon.colcon_core.shell:Creating prefix chain script '/root/ros2_workspace/install/setup.bash'
[7.056s] INFO:colcon.colcon_core.shell:Creating prefix script '/root/ros2_workspace/install/local_setup.zsh'
[7.056s] INFO:colcon.colcon_core.shell:Creating prefix chain script '/root/ros2_workspace/install/setup.zsh'
