[0.103s] Invoking command in '/root/ros2_workspace/build/Exec2': CMAKE_PREFIX_PATH=${CMAKE_PREFIX_PATH}:/root/ros2_workspace/install/py_pubsub:/root/ros2_ws/install/py_srvcli:/root/ros2_ws/install/py_pubsub:/root/ros2_ws/install/python_parameters:/root/ros2_ws/install/my_package:/root/ros2_ws/install/launch_testing_examples:/root/ros2_ws/install/examples_rclpy_pointcloud_publisher:/root/ros2_ws/install/examples_rclpy_minimal_subscriber:/root/ros2_ws/install/examples_rclpy_minimal_service:/root/ros2_ws/install/examples_rclpy_minimal_publisher:/root/ros2_ws/install/examples_rclpy_minimal_client:/root/ros2_ws/install/examples_rclpy_minimal_action_server:/root/ros2_ws/install/examples_rclpy_minimal_action_client:/root/ros2_ws/install/examples_rclpy_guard_conditions:/root/ros2_ws/install/examples_rclpy_executors:/opt/ros/humble /usr/bin/cmake /root/ros2_workspace/src/my_execs/Exec2 -DCMAKE_INSTALL_PREFIX=/root/ros2_workspace/install/Exec2
[0.276s] -- The C compiler identification is GNU 11.4.0
[0.858s] -- The CXX compiler identification is GNU 11.4.0
[1.109s] -- Detecting C compiler ABI info
[1.558s] -- Detecting C compiler ABI info - done
[1.589s] -- Check for working C compiler: /usr/bin/cc - skipped
[1.590s] -- Detecting C compile features
[1.592s] -- Detecting C compile features - done
[1.604s] -- Detecting CXX compiler ABI info
[2.221s] -- Detecting CXX compiler ABI info - done
[2.255s] -- Check for working CXX compiler: /usr/bin/c++ - skipped
[2.256s] -- Detecting CXX compile features
[2.258s] -- Detecting CXX compile features - done
[2.272s] -- Found ament_cmake: 1.3.5 (/opt/ros/humble/share/ament_cmake/cmake)
[2.643s] -- Found Python3: /usr/bin/python3.10 (found version "3.10.12") found components: Interpreter 
[2.856s] -- Found ament_lint_auto: 0.12.8 (/opt/ros/humble/share/ament_lint_auto/cmake)
[2.938s] WARNING: Package name "Exec2" does not follow the naming conventions. It should start with a lower case letter and only contain lower case letters, digits, underscores, and dashes.
[2.987s] -- Found geometry_msgs: 4.2.3 (/opt/ros/humble/share/geometry_msgs/cmake)
[3.192s] -- Found rosidl_generator_c: 3.1.5 (/opt/ros/humble/share/rosidl_generator_c/cmake)
[3.210s] -- Found rosidl_adapter: 3.1.5 (/opt/ros/humble/share/rosidl_adapter/cmake)
[3.226s] -- Found rosidl_generator_cpp: 3.1.5 (/opt/ros/humble/share/rosidl_generator_cpp/cmake)
[3.259s] -- Using all available rosidl_typesupport_c: rosidl_typesupport_fastrtps_c;rosidl_typesupport_introspection_c
[3.308s] -- Using all available rosidl_typesupport_cpp: rosidl_typesupport_fastrtps_cpp;rosidl_typesupport_introspection_cpp
[3.474s] -- Found rosidl_default_generators: 1.2.0 (/opt/ros/humble/share/rosidl_default_generators/cmake)
[3.822s] [31mCMake Error at /opt/ros/humble/share/rosidl_adapter/cmake/rosidl_adapt_interfaces.cmake:59 (message):
[3.822s]   execute_process(/usr/bin/python3.10 -m rosidl_adapter --package-name Exec2
[3.822s]   --arguments-file
[3.822s]   /root/ros2_workspace/build/Exec2/rosidl_adapter__arguments__Exec2.json
[3.822s]   --output-dir /root/ros2_workspace/build/Exec2/rosidl_adapter/Exec2
[3.822s]   --output-file /root/ros2_workspace/build/Exec2/rosidl_adapter/Exec2.idls)
[3.822s]   returned error code 1:
[3.822s] 
[3.822s]   Traceback (most recent call last):
[3.822s] 
[3.822s]     File "/usr/lib/python3.10/runpy.py", line 196, in _run_module_as_main
[3.823s]       return _run_code(code, main_globals, None,
[3.823s]     File "/usr/lib/python3.10/runpy.py", line 86, in _run_code
[3.823s]       exec(code, run_globals)
[3.823s]     File "/opt/ros/humble/local/lib/python3.10/dist-packages/rosidl_adapter/__main__.py", line 19, in <module>
[3.823s]       sys.exit(main())
[3.823s]     File "/opt/ros/humble/local/lib/python3.10/dist-packages/rosidl_adapter/main.py", line 53, in main
[3.823s]       abs_idl_file = convert_to_idl(
[3.823s]     File "/opt/ros/humble/local/lib/python3.10/dist-packages/rosidl_adapter/__init__.py", line 19, in convert_to_idl
[3.823s]       return convert_msg_to_idl(
[3.823s]     File "/opt/ros/humble/local/lib/python3.10/dist-packages/rosidl_adapter/msg/__init__.py", line 28, in convert_msg_to_idl
[3.823s]       msg = parse_message_string(package_name, input_file.stem, content)
[3.823s]     File "/opt/ros/humble/local/lib/python3.10/dist-packages/rosidl_adapter/parser.py", line 544, in parse_message_string
[3.823s]       msg = MessageSpecification(pkg_name, msg_name, fields, constants)
[3.824s]     File "/opt/ros/humble/local/lib/python3.10/dist-packages/rosidl_adapter/parser.py", line 388, in __init__
[3.824s]       self.base_type = BaseType(
[3.824s]     File "/opt/ros/humble/local/lib/python3.10/dist-packages/rosidl_adapter/parser.py", line 201, in __init__
[3.824s]       raise InvalidResourceName(
[3.824s] 
[3.824s]   rosidl_adapter.parser.InvalidResourceName: 'Exec2' is an invalid package
[3.824s]   name.  It should have the pattern '^(?!.*__)(?!.*_$)[a-z][a-z0-9_]*$'
[3.824s] 
[3.824s] Call Stack (most recent call first):
[3.824s]   /opt/ros/humble/share/rosidl_cmake/cmake/rosidl_generate_interfaces.cmake:130 (rosidl_adapt_interfaces)
[3.824s]   CMakeLists.txt:29 (rosidl_generate_interfaces)
[3.824s] 
[3.824s] [0m
[3.825s] -- Configuring incomplete, errors occurred!
[3.825s] See also "/root/ros2_workspace/build/Exec2/CMakeFiles/CMakeOutput.log".
[3.831s] Invoked command in '/root/ros2_workspace/build/Exec2' returned '1': CMAKE_PREFIX_PATH=${CMAKE_PREFIX_PATH}:/root/ros2_workspace/install/py_pubsub:/root/ros2_ws/install/py_srvcli:/root/ros2_ws/install/py_pubsub:/root/ros2_ws/install/python_parameters:/root/ros2_ws/install/my_package:/root/ros2_ws/install/launch_testing_examples:/root/ros2_ws/install/examples_rclpy_pointcloud_publisher:/root/ros2_ws/install/examples_rclpy_minimal_subscriber:/root/ros2_ws/install/examples_rclpy_minimal_service:/root/ros2_ws/install/examples_rclpy_minimal_publisher:/root/ros2_ws/install/examples_rclpy_minimal_client:/root/ros2_ws/install/examples_rclpy_minimal_action_server:/root/ros2_ws/install/examples_rclpy_minimal_action_client:/root/ros2_ws/install/examples_rclpy_guard_conditions:/root/ros2_ws/install/examples_rclpy_executors:/opt/ros/humble /usr/bin/cmake /root/ros2_workspace/src/my_execs/Exec2 -DCMAKE_INSTALL_PREFIX=/root/ros2_workspace/install/Exec2
